<?xml version="1.0" encoding="UTF-8"?>
<!-- Generated by org.testng.reporters.JUnitXMLReporter -->
<testsuite ignored="0" hostname="JD14" failures="0" tests="14" name="Default test" time="130.571" errors="0" timestamp="2022-04-13T12:33:28 IST">
  <testcase classname="javalearnings.UsingExceldata" name="gettingData" time="9.35"/>
  <testcase classname="javalearnings.UsingExceldata" name="gettingData" time="8.201"/>
  <testcase classname="javalearnings.UsingExceldata" name="gettingData" time="8.588"/>
  <testcase classname="javalearnings.UsingExceldata" name="gettingData" time="8.048"/>
  <testcase classname="javalearnings.UsingExceldata" name="gettingData" time="8.142"/>
  <testcase classname="javalearnings.UsingExceldata" name="gettingData" time="9.274"/>
  <testcase classname="javalearnings.UsingExceldata" name="gettingData" time="8.341"/>
  <testcase classname="javalearnings.UsingExceldata" name="gettingData" time="9.186"/>
  <testcase classname="javalearnings.UsingExceldata" name="gettingData" time="8.211"/>
  <testcase classname="javalearnings.UsingExceldata" name="gettingData" time="9.174"/>
  <testcase classname="javalearnings.UsingExceldata" name="gettingData" time="9.189"/>
  <testcase classname="javalearnings.UsingExceldata" name="gettingData" time="10.56"/>
  <testcase classname="javalearnings.UsingExceldata" name="gettingData" time="10.042"/>
  <testcase classname="javalearnings.UsingExceldata" name="gettingData" time="13.709"/>
</testsuite> <!-- Default test -->
