<?xml version="1.0" encoding="UTF-8"?>
<testng-results ignored="0" total="14" passed="14" failed="0" skipped="0">
  <reporter-output>
  </reporter-output>
  <suite started-at="2022-04-13T12:31:18 IST" name="Default suite" finished-at="2022-04-13T12:33:28 IST" duration-ms="130571">
    <groups>
    </groups>
    <test started-at="2022-04-13T12:31:18 IST" name="Default test" finished-at="2022-04-13T12:33:28 IST" duration-ms="130571">
      <class name="javalearnings.UsingExceldata">
        <test-method signature="gettingData(java.lang.String,java.lang.String,java.lang.String)[pri:0, instance:javalearnings.UsingExceldata@67d48005]" started-at="2022-04-13T12:31:18 IST" name="gettingData" data-provider="nametobecalled" finished-at="2022-04-13T12:31:28 IST" duration-ms="9350" status="PASS">
          <params>
            <param index="0">
              <value>
                <![CDATA[hello]]>
              </value>
            </param>
            <param index="1">
              <value>
                <![CDATA[1234567890]]>
              </value>
            </param>
            <param index="2">
              <value>
                <![CDATA[hello pc]]>
              </value>
            </param>
          </params>
          <reporter-output>
          </reporter-output>
        </test-method> <!-- gettingData -->
        <test-method signature="gettingData(java.lang.String,java.lang.String,java.lang.String)[pri:0, instance:javalearnings.UsingExceldata@67d48005]" started-at="2022-04-13T12:31:28 IST" name="gettingData" data-provider="nametobecalled" finished-at="2022-04-13T12:31:36 IST" duration-ms="8201" status="PASS">
          <params>
            <param index="0">
              <value>
                <![CDATA[john]]>
              </value>
            </param>
            <param index="1">
              <value>
                <![CDATA[789123]]>
              </value>
            </param>
            <param index="2">
              <value>
                <![CDATA[how are you ocean academy look so far]]>
              </value>
            </param>
          </params>
          <reporter-output>
          </reporter-output>
        </test-method> <!-- gettingData -->
        <test-method signature="gettingData(java.lang.String,java.lang.String,java.lang.String)[pri:0, instance:javalearnings.UsingExceldata@67d48005]" started-at="2022-04-13T12:31:36 IST" name="gettingData" data-provider="nametobecalled" finished-at="2022-04-13T12:31:45 IST" duration-ms="8588" status="PASS">
          <params>
            <param index="0">
              <value>
                <![CDATA[abcde]]>
              </value>
            </param>
            <param index="1">
              <value>
                <![CDATA[9012345]]>
              </value>
            </param>
            <param index="2">
              <value>
                <![CDATA[this is the sample data and checking purpose]]>
              </value>
            </param>
          </params>
          <reporter-output>
          </reporter-output>
        </test-method> <!-- gettingData -->
        <test-method signature="gettingData(java.lang.String,java.lang.String,java.lang.String)[pri:0, instance:javalearnings.UsingExceldata@67d48005]" started-at="2022-04-13T12:31:45 IST" name="gettingData" data-provider="nametobecalled" finished-at="2022-04-13T12:31:53 IST" duration-ms="8048" status="PASS">
          <params>
            <param index="0">
              <value>
                <![CDATA[hello]]>
              </value>
            </param>
            <param index="1">
              <value>
                <![CDATA[1234567890]]>
              </value>
            </param>
            <param index="2">
              <value>
                <![CDATA[hello pc]]>
              </value>
            </param>
          </params>
          <reporter-output>
          </reporter-output>
        </test-method> <!-- gettingData -->
        <test-method signature="gettingData(java.lang.String,java.lang.String,java.lang.String)[pri:0, instance:javalearnings.UsingExceldata@67d48005]" started-at="2022-04-13T12:31:53 IST" name="gettingData" data-provider="nametobecalled" finished-at="2022-04-13T12:32:01 IST" duration-ms="8142" status="PASS">
          <params>
            <param index="0">
              <value>
                <![CDATA[john]]>
              </value>
            </param>
            <param index="1">
              <value>
                <![CDATA[789123]]>
              </value>
            </param>
            <param index="2">
              <value>
                <![CDATA[how are you ocean academy look so far]]>
              </value>
            </param>
          </params>
          <reporter-output>
          </reporter-output>
        </test-method> <!-- gettingData -->
        <test-method signature="gettingData(java.lang.String,java.lang.String,java.lang.String)[pri:0, instance:javalearnings.UsingExceldata@67d48005]" started-at="2022-04-13T12:32:01 IST" name="gettingData" data-provider="nametobecalled" finished-at="2022-04-13T12:32:10 IST" duration-ms="9274" status="PASS">
          <params>
            <param index="0">
              <value>
                <![CDATA[abcde]]>
              </value>
            </param>
            <param index="1">
              <value>
                <![CDATA[9012345]]>
              </value>
            </param>
            <param index="2">
              <value>
                <![CDATA[this is the sample data and checking purpose]]>
              </value>
            </param>
          </params>
          <reporter-output>
          </reporter-output>
        </test-method> <!-- gettingData -->
        <test-method signature="gettingData(java.lang.String,java.lang.String,java.lang.String)[pri:0, instance:javalearnings.UsingExceldata@67d48005]" started-at="2022-04-13T12:32:10 IST" name="gettingData" data-provider="nametobecalled" finished-at="2022-04-13T12:32:18 IST" duration-ms="8341" status="PASS">
          <params>
            <param index="0">
              <value>
                <![CDATA[hello]]>
              </value>
            </param>
            <param index="1">
              <value>
                <![CDATA[1234567890]]>
              </value>
            </param>
            <param index="2">
              <value>
                <![CDATA[hello pc]]>
              </value>
            </param>
          </params>
          <reporter-output>
          </reporter-output>
        </test-method> <!-- gettingData -->
        <test-method signature="gettingData(java.lang.String,java.lang.String,java.lang.String)[pri:0, instance:javalearnings.UsingExceldata@67d48005]" started-at="2022-04-13T12:32:18 IST" name="gettingData" data-provider="nametobecalled" finished-at="2022-04-13T12:32:28 IST" duration-ms="9186" status="PASS">
          <params>
            <param index="0">
              <value>
                <![CDATA[john]]>
              </value>
            </param>
            <param index="1">
              <value>
                <![CDATA[789123]]>
              </value>
            </param>
            <param index="2">
              <value>
                <![CDATA[how are you ocean academy look so far]]>
              </value>
            </param>
          </params>
          <reporter-output>
          </reporter-output>
        </test-method> <!-- gettingData -->
        <test-method signature="gettingData(java.lang.String,java.lang.String,java.lang.String)[pri:0, instance:javalearnings.UsingExceldata@67d48005]" started-at="2022-04-13T12:32:28 IST" name="gettingData" data-provider="nametobecalled" finished-at="2022-04-13T12:32:36 IST" duration-ms="8211" status="PASS">
          <params>
            <param index="0">
              <value>
                <![CDATA[india5050]]>
              </value>
            </param>
            <param index="1">
              <value>
                <![CDATA[9012345]]>
              </value>
            </param>
            <param index="2">
              <value>
                <![CDATA[this is the sample data and checking purpose]]>
              </value>
            </param>
          </params>
          <reporter-output>
          </reporter-output>
        </test-method> <!-- gettingData -->
        <test-method signature="gettingData(java.lang.String,java.lang.String,java.lang.String)[pri:0, instance:javalearnings.UsingExceldata@67d48005]" started-at="2022-04-13T12:32:36 IST" name="gettingData" data-provider="nametobecalled" finished-at="2022-04-13T12:32:45 IST" duration-ms="9174" status="PASS">
          <params>
            <param index="0">
              <value>
                <![CDATA[helloworld]]>
              </value>
            </param>
            <param index="1">
              <value>
                <![CDATA[1234567890]]>
              </value>
            </param>
            <param index="2">
              <value>
                <![CDATA[hello pc]]>
              </value>
            </param>
          </params>
          <reporter-output>
          </reporter-output>
        </test-method> <!-- gettingData -->
        <test-method signature="gettingData(java.lang.String,java.lang.String,java.lang.String)[pri:0, instance:javalearnings.UsingExceldata@67d48005]" started-at="2022-04-13T12:32:45 IST" name="gettingData" data-provider="nametobecalled" finished-at="2022-04-13T12:32:54 IST" duration-ms="9189" status="PASS">
          <params>
            <param index="0">
              <value>
                <![CDATA[jdp]]>
              </value>
            </param>
            <param index="1">
              <value>
                <![CDATA[789123]]>
              </value>
            </param>
            <param index="2">
              <value>
                <![CDATA[how are you ocean academy look so far]]>
              </value>
            </param>
          </params>
          <reporter-output>
          </reporter-output>
        </test-method> <!-- gettingData -->
        <test-method signature="gettingData(java.lang.String,java.lang.String,java.lang.String)[pri:0, instance:javalearnings.UsingExceldata@67d48005]" started-at="2022-04-13T12:32:54 IST" name="gettingData" data-provider="nametobecalled" finished-at="2022-04-13T12:33:05 IST" duration-ms="10560" status="PASS">
          <params>
            <param index="0">
              <value>
                <![CDATA[organisation]]>
              </value>
            </param>
            <param index="1">
              <value>
                <![CDATA[9012345]]>
              </value>
            </param>
            <param index="2">
              <value>
                <![CDATA[this is the sample data and checking purpose]]>
              </value>
            </param>
          </params>
          <reporter-output>
          </reporter-output>
        </test-method> <!-- gettingData -->
        <test-method signature="gettingData(java.lang.String,java.lang.String,java.lang.String)[pri:0, instance:javalearnings.UsingExceldata@67d48005]" started-at="2022-04-13T12:33:05 IST" name="gettingData" data-provider="nametobecalled" finished-at="2022-04-13T12:33:15 IST" duration-ms="10042" status="PASS">
          <params>
            <param index="0">
              <value>
                <![CDATA[pondy]]>
              </value>
            </param>
            <param index="1">
              <value>
                <![CDATA[1234567890]]>
              </value>
            </param>
            <param index="2">
              <value>
                <![CDATA[hello pc]]>
              </value>
            </param>
          </params>
          <reporter-output>
          </reporter-output>
        </test-method> <!-- gettingData -->
        <test-method signature="gettingData(java.lang.String,java.lang.String,java.lang.String)[pri:0, instance:javalearnings.UsingExceldata@67d48005]" started-at="2022-04-13T12:33:15 IST" name="gettingData" data-provider="nametobecalled" finished-at="2022-04-13T12:33:28 IST" duration-ms="13709" status="PASS">
          <params>
            <param index="0">
              <value>
                <![CDATA[india]]>
              </value>
            </param>
            <param index="1">
              <value>
                <![CDATA[789123]]>
              </value>
            </param>
            <param index="2">
              <value>
                <![CDATA[how are you ocean academy look so far]]>
              </value>
            </param>
          </params>
          <reporter-output>
          </reporter-output>
        </test-method> <!-- gettingData -->
      </class> <!-- javalearnings.UsingExceldata -->
    </test> <!-- Default test -->
  </suite> <!-- Default suite -->
</testng-results>
